<?xml version="1.0" encoding="UTF-8"?>
<!-- Generated by org.testng.reporters.JUnitReportReporter -->
<testsuite hostname="madhav-PC" name="com.test.automation.registration.TC0002_New_User_Registration" tests="1" failures="0" timestamp="12 Nov 2017 10:53:22 GMT" time="23.911" errors="0">
  <testcase name="verifyLogin" time="23.911" classname="com.test.automation.registration.TC0002_New_User_Registration"/>
</testsuite> <!-- com.test.automation.registration.TC0002_New_User_Registration -->
