<?xml version="1.0" encoding="UTF-8"?>
<!-- Generated by org.testng.reporters.JUnitReportReporter -->
<testsuite hostname="madhav-PC" name="com.test.automation.homepage.TC0001_Login_With_Valid_Credentials" tests="1" failures="0" timestamp="12 Nov 2017 12:33:55 GMT" time="62.226" errors="0">
  <testcase name="verifyLogin" time="62.226" classname="com.test.automation.homepage.TC0001_Login_With_Valid_Credentials"/>
</testsuite> <!-- com.test.automation.homepage.TC0001_Login_With_Valid_Credentials -->
