<?xml version="1.0" encoding="UTF-8"?>
<!-- Generated by org.testng.reporters.JUnitReportReporter -->
<testsuite hostname="madhav-PC" name="com.test.automation.registration.TC0002_New_User_Registration" tests="1" failures="0" timestamp="17 Nov 2017 12:21:48 GMT" time="27.266" errors="0">
  <testcase name="verifyLogin" time="27.266" classname="com.test.automation.registration.TC0002_New_User_Registration"/>
</testsuite> <!-- com.test.automation.registration.TC0002_New_User_Registration -->
