<?xml version="1.0" encoding="UTF-8"?>
<!-- Generated by org.testng.reporters.JUnitReportReporter -->
<testsuite hostname="madhav-PC" name="com.test.automation.homepage.TC0001_Login_With_Valid_Credentials_Verify_Order_Details" tests="1" failures="0" timestamp="13 Nov 2017 17:15:32 GMT" time="20.625" errors="0">
  <testcase name="verifyLogin" time="20.625" classname="com.test.automation.homepage.TC0001_Login_With_Valid_Credentials_Verify_Order_Details"/>
</testsuite> <!-- com.test.automation.homepage.TC0001_Login_With_Valid_Credentials_Verify_Order_Details -->
