<?xml version="1.0" encoding="UTF-8"?>
<!-- Generated by org.testng.reporters.JUnitReportReporter -->
<testsuite hostname="madhav-PC" name="com.test.automation.orderdetails.TC004_Verify_Order_Details_And_Tracking" tests="1" failures="0" timestamp="15 Nov 2017 15:23:20 GMT" time="61.454" errors="0">
  <testcase name="verifyLogin" time="61.454" classname="com.test.automation.orderdetails.TC004_Verify_Order_Details_And_Tracking"/>
</testsuite> <!-- com.test.automation.orderdetails.TC004_Verify_Order_Details_And_Tracking -->
