<?xml version="1.0" encoding="UTF-8"?>
<!-- Generated by org.testng.reporters.JUnitReportReporter -->
<testsuite hostname="madhav-PC" name="com.test.automation.productselection.TC0003_Select_Mobile" tests="1" failures="0" timestamp="12 Nov 2017 17:16:38 GMT" time="156.096" errors="0">
  <testcase name="verifyLogin" time="156.096" classname="com.test.automation.productselection.TC0003_Select_Mobile"/>
</testsuite> <!-- com.test.automation.productselection.TC0003_Select_Mobile -->
